__main__.py <module>() ERROR: Error in main.py: 05.13.24 22:10:21
Traceback (most recent call last):
  File "C:\Users\Puja\Work\Coding\Python\For Poolsifi\Back Test Downloader\main.py", line 13, in <module>
    browser = browser.Browser(True)
  File "C:\Users\Puja\Work\Coding\Python\For Poolsifi\Back Test Downloader\browser.py", line 25, in __init__
    self.driver = webdriver.Chrome(service=ChromeService(ChromeDriverManager().install()), options=chrome_options)
  File "c:\Users\Puja\.virtualenvs\Back_Test_Downloader-nbz1X3yE\lib\site-packages\selenium\webdriver\chrome\webdriver.py", line 45, in __init__
    super().__init__(
  File "c:\Users\Puja\.virtualenvs\Back_Test_Downloader-nbz1X3yE\lib\site-packages\selenium\webdriver\chromium\webdriver.py", line 66, in __init__
    super().__init__(command_executor=executor, options=options)
  File "c:\Users\Puja\.virtualenvs\Back_Test_Downloader-nbz1X3yE\lib\site-packages\selenium\webdriver\remote\webdriver.py", line 208, in __init__
    self.start_session(capabilities)
  File "c:\Users\Puja\.virtualenvs\Back_Test_Downloader-nbz1X3yE\lib\site-packages\selenium\webdriver\remote\webdriver.py", line 292, in start_session
    response = self.execute(Command.NEW_SESSION, caps)["value"]
  File "c:\Users\Puja\.virtualenvs\Back_Test_Downloader-nbz1X3yE\lib\site-packages\selenium\webdriver\remote\webdriver.py", line 347, in execute
    self.error_handler.check_response(response)
  File "c:\Users\Puja\.virtualenvs\Back_Test_Downloader-nbz1X3yE\lib\site-packages\selenium\webdriver\remote\errorhandler.py", line 229, in check_response
    raise exception_class(message, screen, stacktrace)
selenium.common.exceptions.SessionNotCreatedException: Message: session not created: Chrome failed to start: exited normally.
  (session not created: DevToolsActivePort file doesn't exist)
  (The process started from chrome location C:\Program Files (x86)\Google\Chrome\Application\chrome.exe is no longer running, so ChromeDriver is assuming that Chrome has crashed.)
Stacktrace:
	GetHandleVerifier [0x007EC183+48259]
	(No symbol) [0x0077CAB1]
	(No symbol) [0x00670A17]
	(No symbol) [0x0069CDDE]
	(No symbol) [0x00699239]
	(No symbol) [0x006DA8BA]
	(No symbol) [0x006DA0EA]
	(No symbol) [0x006D0B36]
	(No symbol) [0x006A570D]
	(No symbol) [0x006A62CD]
	GetHandleVerifier [0x00AA6613+2908435]
	GetHandleVerifier [0x00AE3C2B+3159851]
	GetHandleVerifier [0x0088513B+674875]
	GetHandleVerifier [0x0088B2FC+699900]
	(No symbol) [0x007862B4]
	(No symbol) [0x00782308]
	(No symbol) [0x0078249C]
	(No symbol) [0x00774C20]
	BaseThreadInitThunk [0x76CB7BA9+25]
	RtlInitializeExceptionChain [0x77D4BE3B+107]
	RtlClearBits [0x77D4BDBF+191]

__main__.py <module>() ERROR: Error in main.py: 05.13.24 22:14:47
Traceback (most recent call last):
  File "C:\Users\Puja\Work\Coding\Python\For Poolsifi\Back Test Downloader\main.py", line 23, in <module>
    browser.open_url(real_path)
AttributeError: 'Browser' object has no attribute 'open_url'
__main__.py <module>() INFO: Opened file://C:\Users\Puja\Shared folder\waverunr_fibret_bo_mtgl_xu_1m_1yr.htm 05.13.24 22:16:37
__main__.py <module>() INFO: Opened file://C:\Users\Puja\Shared folder\waverunr_netting_5M_tt_2022.htm 05.13.24 22:16:52
__main__.py <module>() INFO: Opened file://C:\Users\Puja\Shared folder\waverunr_netting_h1_ft_2022.htm 05.13.24 22:16:52
__main__.py setup_excel_file() INFO: Verified and updated headers in existing Excel file: C:\Users\Puja\Backtest Reports.xlsx 05.14.24 14:53:42
__main__.py <module>() INFO: Opened file://C:\Users\Puja\Shared folder of HTML Reports\waverunr_fibret_bo_mtgl_xu_1m_1yr.htm 05.14.24 14:53:46
__main__.py add_data_to_excel() INFO: Appended new data for C:\Users\Puja\Shared folder of HTML Reports\waverunr_fibret_bo_mtgl_xu_1m_1yr.htm to Excel file. 05.14.24 14:53:49
__main__.py <module>() INFO: Opened file://C:\Users\Puja\Shared folder of HTML Reports\waverunr_netting_5M_tt_2022.htm 05.14.24 14:53:49
__main__.py add_data_to_excel() INFO: Appended new data for C:\Users\Puja\Shared folder of HTML Reports\waverunr_netting_5M_tt_2022.htm to Excel file. 05.14.24 14:53:51
__main__.py <module>() INFO: Opened file://C:\Users\Puja\Shared folder of HTML Reports\waverunr_netting_h1_ft_2022.htm 05.14.24 14:53:51
__main__.py add_data_to_excel() INFO: Appended new data for C:\Users\Puja\Shared folder of HTML Reports\waverunr_netting_h1_ft_2022.htm to Excel file. 05.14.24 14:53:52
__main__.py setup_excel_file() INFO: Verified and updated headers in existing Excel file: C:\Users\Puja\Backtest Reports.xlsx 05.14.24 14:54:10
__main__.py <module>() INFO: Opened file://C:\Users\Puja\Shared folder of HTML Reports\waverunr_fibret_bo_mtgl_xu_1m_1yr.htm 05.14.24 14:54:14
__main__.py add_data_to_excel() INFO: Updated data for C:\Users\Puja\Shared folder of HTML Reports\waverunr_fibret_bo_mtgl_xu_1m_1yr.htm in Excel file. 05.14.24 14:54:17
__main__.py <module>() INFO: Opened file://C:\Users\Puja\Shared folder of HTML Reports\waverunr_netting_5M_tt_2022.htm 05.14.24 14:54:18
__main__.py add_data_to_excel() INFO: Updated data for C:\Users\Puja\Shared folder of HTML Reports\waverunr_netting_5M_tt_2022.htm in Excel file. 05.14.24 14:54:19
__main__.py <module>() INFO: Opened file://C:\Users\Puja\Shared folder of HTML Reports\waverunr_netting_h1_ft_2022.htm 05.14.24 14:54:19
__main__.py add_data_to_excel() INFO: Updated data for C:\Users\Puja\Shared folder of HTML Reports\waverunr_netting_h1_ft_2022.htm in Excel file. 05.14.24 14:54:21
__main__.py setup_excel_file() INFO: Verified and updated headers in existing Excel file: C:\Users\Puja\Backtest Reports.xlsx 05.14.24 14:54:50
__main__.py <module>() INFO: Opened file://C:\Users\Puja\Shared folder of HTML Reports\waverunr_fibret_bo_mtgl_xu_1m_1yr.htm 05.14.24 14:54:54
__main__.py add_data_to_excel() INFO: Updated data for C:\Users\Puja\Shared folder of HTML Reports\waverunr_fibret_bo_mtgl_xu_1m_1yr.htm in Excel file. 05.14.24 14:54:58
__main__.py <module>() INFO: Opened file://C:\Users\Puja\Shared folder of HTML Reports\waverunr_netting_5M_tt_2022.htm 05.14.24 14:54:58
__main__.py add_data_to_excel() INFO: Updated data for C:\Users\Puja\Shared folder of HTML Reports\waverunr_netting_5M_tt_2022.htm in Excel file. 05.14.24 14:55:00
__main__.py <module>() INFO: Opened file://C:\Users\Puja\Shared folder of HTML Reports\waverunr_netting_h1_ft_2022.htm 05.14.24 14:55:00
__main__.py add_data_to_excel() INFO: Updated data for C:\Users\Puja\Shared folder of HTML Reports\waverunr_netting_h1_ft_2022.htm in Excel file. 05.14.24 14:55:01
__main__.py setup_excel_file() INFO: Verified and updated headers in existing Excel file: C:\Users\Puja\Backtest Reports.xlsx 05.14.24 14:55:20
__main__.py <module>() INFO: Opened file://C:\Users\Puja\Shared folder of HTML Reports\waverunr_fibret_bo_mtgl_xu_1m_1yr.htm 05.14.24 14:55:23
__main__.py add_data_to_excel() INFO: Updated data for C:\Users\Puja\Shared folder of HTML Reports\waverunr_fibret_bo_mtgl_xu_1m_1yr.htm in Excel file. 05.14.24 14:55:26
__main__.py <module>() INFO: Opened file://C:\Users\Puja\Shared folder of HTML Reports\waverunr_netting_5M_tt_2022.htm 05.14.24 14:55:27
__main__.py add_data_to_excel() INFO: Updated data for C:\Users\Puja\Shared folder of HTML Reports\waverunr_netting_5M_tt_2022.htm in Excel file. 05.14.24 14:55:28
__main__.py <module>() INFO: Opened file://C:\Users\Puja\Shared folder of HTML Reports\waverunr_netting_h1_ft_2022.htm 05.14.24 14:55:28
__main__.py add_data_to_excel() INFO: Updated data for C:\Users\Puja\Shared folder of HTML Reports\waverunr_netting_h1_ft_2022.htm in Excel file. 05.14.24 14:55:30
__main__.py setup_excel_file() INFO: Verified and updated headers in existing Excel file: C:\Users\Puja\Backtest Reports.xlsx 05.14.24 14:56:39
__main__.py <module>() INFO: Opened file://C:\Users\Puja\Shared folder of HTML Reports\waverunr_fibret_bo_mtgl_xu_1m_1yr.htm 05.14.24 14:56:43
__main__.py add_data_to_excel() INFO: Updated data for C:\Users\Puja\Shared folder of HTML Reports\waverunr_fibret_bo_mtgl_xu_1m_1yr.htm in Excel file. 05.14.24 14:56:46
__main__.py <module>() INFO: Opened file://C:\Users\Puja\Shared folder of HTML Reports\waverunr_netting_5M_tt_2022.htm 05.14.24 14:56:47
__main__.py add_data_to_excel() INFO: Updated data for C:\Users\Puja\Shared folder of HTML Reports\waverunr_netting_5M_tt_2022.htm in Excel file. 05.14.24 14:56:48
__main__.py <module>() INFO: Opened file://C:\Users\Puja\Shared folder of HTML Reports\waverunr_netting_h1_ft_2022.htm 05.14.24 14:56:48
__main__.py add_data_to_excel() INFO: Updated data for C:\Users\Puja\Shared folder of HTML Reports\waverunr_netting_h1_ft_2022.htm in Excel file. 05.14.24 14:56:50
__main__.py setup_excel_file() INFO: Verified and updated headers in existing Excel file: C:\Users\Puja\Backtest Reports.xlsx 05.14.24 14:57:50
__main__.py <module>() INFO: Opened file://C:\Users\Puja\Shared folder of HTML Reports\waverunr_fibret_bo_mtgl_xu_1m_1yr.htm 05.14.24 14:57:54
__main__.py add_data_to_excel() INFO: Updated data for C:\Users\Puja\Shared folder of HTML Reports\waverunr_fibret_bo_mtgl_xu_1m_1yr.htm in Excel file. 05.14.24 14:57:58
__main__.py <module>() INFO: Opened file://C:\Users\Puja\Shared folder of HTML Reports\waverunr_netting_5M_tt_2022.htm 05.14.24 14:57:58
__main__.py add_data_to_excel() INFO: Updated data for C:\Users\Puja\Shared folder of HTML Reports\waverunr_netting_5M_tt_2022.htm in Excel file. 05.14.24 14:57:59
__main__.py <module>() INFO: Opened file://C:\Users\Puja\Shared folder of HTML Reports\waverunr_netting_h1_ft_2022.htm 05.14.24 14:58:00
__main__.py add_data_to_excel() INFO: Updated data for C:\Users\Puja\Shared folder of HTML Reports\waverunr_netting_h1_ft_2022.htm in Excel file. 05.14.24 14:58:01
__main__.py <module>() ERROR: Error in main.py: Message: session not created: Chrome failed to start: exited normally.
  (session not created: DevToolsActivePort file doesn't exist)
  (The process started from chrome location C:\Program Files (x86)\Google\Chrome\Application\chrome.exe is no longer running, so ChromeDriver is assuming that Chrome has crashed.)
Stacktrace:
	GetHandleVerifier [0x00BCC113+48259]
	(No symbol) [0x00B5CA41]
	(No symbol) [0x00A50A17]
	(No symbol) [0x00A7CDDE]
	(No symbol) [0x00A79239]
	(No symbol) [0x00ABA8BA]
	(No symbol) [0x00ABA0EA]
	(No symbol) [0x00AB0B36]
	(No symbol) [0x00A8570D]
	(No symbol) [0x00A862CD]
	GetHandleVerifier [0x00E865A3+2908435]
	GetHandleVerifier [0x00EC3BBB+3159851]
	GetHandleVerifier [0x00C650CB+674875]
	GetHandleVerifier [0x00C6B28C+699900]
	(No symbol) [0x00B66244]
	(No symbol) [0x00B62298]
	(No symbol) [0x00B6242C]
	(No symbol) [0x00B54BB0]
	BaseThreadInitThunk [0x76CB7BA9+25]
	RtlInitializeExceptionChain [0x77D4BE3B+107]
	RtlClearBits [0x77D4BDBF+191]
 05.14.24 16:16:43
Traceback (most recent call last):
  File "C:\Users\Puja\Work\Coding\Python\For Poolsifi\Back Test Downloader\main.py", line 33, in <module>
    browser_instance = browser.Browser(keep_open=True, headless=False)
  File "C:\Users\Puja\Work\Coding\Python\For Poolsifi\Back Test Downloader\browser.py", line 27, in __init__
    self.driver = webdriver.Chrome(service=ChromeService(ChromeDriverManager().install()), options=chrome_options)
  File "c:\Users\Puja\.virtualenvs\Back_Test_Downloader-nbz1X3yE\lib\site-packages\selenium\webdriver\chrome\webdriver.py", line 45, in __init__
    super().__init__(
  File "c:\Users\Puja\.virtualenvs\Back_Test_Downloader-nbz1X3yE\lib\site-packages\selenium\webdriver\chromium\webdriver.py", line 66, in __init__
    super().__init__(command_executor=executor, options=options)
  File "c:\Users\Puja\.virtualenvs\Back_Test_Downloader-nbz1X3yE\lib\site-packages\selenium\webdriver\remote\webdriver.py", line 208, in __init__
    self.start_session(capabilities)
  File "c:\Users\Puja\.virtualenvs\Back_Test_Downloader-nbz1X3yE\lib\site-packages\selenium\webdriver\remote\webdriver.py", line 292, in start_session
    response = self.execute(Command.NEW_SESSION, caps)["value"]
  File "c:\Users\Puja\.virtualenvs\Back_Test_Downloader-nbz1X3yE\lib\site-packages\selenium\webdriver\remote\webdriver.py", line 347, in execute
    self.error_handler.check_response(response)
  File "c:\Users\Puja\.virtualenvs\Back_Test_Downloader-nbz1X3yE\lib\site-packages\selenium\webdriver\remote\errorhandler.py", line 229, in check_response
    raise exception_class(message, screen, stacktrace)
selenium.common.exceptions.SessionNotCreatedException: Message: session not created: Chrome failed to start: exited normally.
  (session not created: DevToolsActivePort file doesn't exist)
  (The process started from chrome location C:\Program Files (x86)\Google\Chrome\Application\chrome.exe is no longer running, so ChromeDriver is assuming that Chrome has crashed.)
Stacktrace:
	GetHandleVerifier [0x00BCC113+48259]
	(No symbol) [0x00B5CA41]
	(No symbol) [0x00A50A17]
	(No symbol) [0x00A7CDDE]
	(No symbol) [0x00A79239]
	(No symbol) [0x00ABA8BA]
	(No symbol) [0x00ABA0EA]
	(No symbol) [0x00AB0B36]
	(No symbol) [0x00A8570D]
	(No symbol) [0x00A862CD]
	GetHandleVerifier [0x00E865A3+2908435]
	GetHandleVerifier [0x00EC3BBB+3159851]
	GetHandleVerifier [0x00C650CB+674875]
	GetHandleVerifier [0x00C6B28C+699900]
	(No symbol) [0x00B66244]
	(No symbol) [0x00B62298]
	(No symbol) [0x00B6242C]
	(No symbol) [0x00B54BB0]
	BaseThreadInitThunk [0x76CB7BA9+25]
	RtlInitializeExceptionChain [0x77D4BE3B+107]
	RtlClearBits [0x77D4BDBF+191]

__main__.py <module>() INFO: Waiting for 60.0 mins before next check. 05.14.24 16:19:02
__main__.py <module>() INFO: Waiting for 60.0 mins before next check. 05.14.24 16:20:08
excel_utils.py setup_excel_file() INFO: Verified and updated headers in existing Excel file: C:\Users\Puja\Backtest Reports.xlsx 05.14.24 17:48:34
backtest_reports_processor.py process_html_file() INFO: Opened file://C:\Users\Puja\Shared folder of HTML Reports\waverunr_fibret_bo_mtgl_xu_1m_1yr.htm 05.14.24 17:48:38
excel_utils.py add_data_to_excel() INFO: Updated data for C:\Users\Puja\Shared folder of HTML Reports\waverunr_fibret_bo_mtgl_xu_1m_1yr.htm in Excel file. 05.14.24 17:48:42
backtest_reports_processor.py process_html_file() INFO: Opened file://C:\Users\Puja\Shared folder of HTML Reports\waverunr_netting_h1_ft_2022.htm 05.14.24 17:48:42
excel_utils.py add_data_to_excel() INFO: Updated data for C:\Users\Puja\Shared folder of HTML Reports\waverunr_netting_h1_ft_2022.htm in Excel file. 05.14.24 17:48:43
backtest_reports_processor.py process_html_file() INFO: Opened file://C:\Users\Puja\Shared folder of HTML Reports\waverunr_netting_5M_tt_2022.htm 05.14.24 17:48:43
excel_utils.py add_data_to_excel() INFO: Updated data for C:\Users\Puja\Shared folder of HTML Reports\waverunr_netting_5M_tt_2022.htm in Excel file. 05.14.24 17:48:45
__main__.py <module>() INFO: Waiting for 60.0 mins before next check. 05.14.24 17:48:45
excel_utils.py setup_excel_file() INFO: Verified and updated headers in existing Excel file: C:\Users\Puja\Backtest Reports.xlsx 05.14.24 18:33:33
backtest_reports_processor.py process_html_file() INFO: Opened file://C:\Users\Puja\Shared folder of HTML Reports\waverunr_netting_5M_tt_2022.htm 05.14.24 18:33:33
excel_utils.py add_data_to_excel() INFO: Updated data for C:\Users\Puja\Shared folder of HTML Reports\waverunr_netting_5M_tt_2022.htm in Excel file. 05.14.24 18:33:35
backtest_reports_processor.py process_html_file() INFO: Opened file://C:\Users\Puja\Shared folder of HTML Reports\waverunr_netting_h1_ft_2022.htm 05.14.24 18:33:35
excel_utils.py add_data_to_excel() INFO: Updated data for C:\Users\Puja\Shared folder of HTML Reports\waverunr_netting_h1_ft_2022.htm in Excel file. 05.14.24 18:33:36
backtest_reports_processor.py process_html_file() INFO: Opened file://C:\Users\Puja\Shared folder of HTML Reports\waverunr_fibret_bo_mtgl_xu_1m_1yr.htm 05.14.24 18:33:40
excel_utils.py add_data_to_excel() INFO: Updated data for C:\Users\Puja\Shared folder of HTML Reports\waverunr_fibret_bo_mtgl_xu_1m_1yr.htm in Excel file. 05.14.24 18:33:42
browser.py __init__() INFO: Browser initialized 05.14.24 19:25:49
excel_utils.py setup_excel_file() INFO: Verified and updated headers in existing Excel file: C:\Users\Puja\Backtest Reports.xlsx 05.14.24 19:25:49
browser.py open_page() INFO: Opened file://C:\Users\Puja\Shared folder of HTML Reports\waverunr_netting_5M_tt_2022.htm 05.14.24 19:25:49
backtest_reports_processor.py process_html_file() INFO: Opened C:\Users\Puja\Shared folder of HTML Reports\waverunr_netting_5M_tt_2022.htm 05.14.24 19:25:49
backtest_reports_processor.py process_html_file() INFO: Scraping data from file 05.14.24 19:25:50
excel_utils.py add_data_to_excel() INFO: Updated data for C:\Users\Puja\Shared folder of HTML Reports\waverunr_netting_5M_tt_2022.htm in Excel file. 05.14.24 19:25:50
browser.py open_page() INFO: Opened file://C:\Users\Puja\Shared folder of HTML Reports\waverunr_netting_h1_ft_2022.htm 05.14.24 19:25:50
backtest_reports_processor.py process_html_file() INFO: Opened C:\Users\Puja\Shared folder of HTML Reports\waverunr_netting_h1_ft_2022.htm 05.14.24 19:25:50
backtest_reports_processor.py process_html_file() INFO: Scraping data from file 05.14.24 19:25:51
excel_utils.py add_data_to_excel() INFO: Updated data for C:\Users\Puja\Shared folder of HTML Reports\waverunr_netting_h1_ft_2022.htm in Excel file. 05.14.24 19:25:52
browser.py open_page() INFO: Opened file://C:\Users\Puja\Shared folder of HTML Reports\waverunr_fibret_bo_mtgl_xu_1m_1yr.htm 05.14.24 19:25:55
backtest_reports_processor.py process_html_file() INFO: Opened C:\Users\Puja\Shared folder of HTML Reports\waverunr_fibret_bo_mtgl_xu_1m_1yr.htm 05.14.24 19:25:55
backtest_reports_processor.py process_html_file() INFO: Scraping data from file 05.14.24 19:25:56
excel_utils.py add_data_to_excel() INFO: Updated data for C:\Users\Puja\Shared folder of HTML Reports\waverunr_fibret_bo_mtgl_xu_1m_1yr.htm in Excel file. 05.14.24 19:25:58
browser.py __init__() INFO: Browser initialized 05.14.24 21:53:28
excel_utils.py setup_excel_file() INFO: Verified and updated headers in existing Excel file: D:/Backtest Reports.xlsx 05.14.24 21:53:28
browser.py open_page() INFO: Opened file://D:\Shared folder of HTML Reports\waverunr_fibret_bo_mtgl_xu_1m_1yr.htm 05.14.24 21:53:32
backtest_reports_processor.py process_html_file() INFO: Opened D:/Shared folder of HTML Reports\waverunr_fibret_bo_mtgl_xu_1m_1yr.htm 05.14.24 21:53:32
backtest_reports_processor.py process_html_file() INFO: Scraping data from file 05.14.24 21:53:33
excel_utils.py add_data_to_excel() ERROR: Error adding data to Excel file C:\Users\Puja\Backtest Reports.xlsx: [Errno 2] No such file or directory: 'C:\\Users\\Puja\\Backtest Reports.xlsx' 05.14.24 21:53:34
backtest_reports_processor.py process_html_file() ERROR: Error processing HTML file D:/Shared folder of HTML Reports\waverunr_fibret_bo_mtgl_xu_1m_1yr.htm: [Errno 2] No such file or directory: 'C:\\Users\\Puja\\Backtest Reports.xlsx' 05.14.24 21:53:34
main.py run_main_script() ERROR: Error in main.py: [Errno 2] No such file or directory: 'C:\\Users\\Puja\\Backtest Reports.xlsx' 05.14.24 21:53:34
Traceback (most recent call last):
  File "c:\Users\Puja\Work\Coding\Python\For Poolsifi\Back Test Downloader\main.py", line 68, in run_main_script
    process_html_file(file_path, browser_instance)
  File "c:\Users\Puja\Work\Coding\Python\For Poolsifi\Back Test Downloader\backtest_reports_processor.py", line 69, in process_html_file
    add_data_to_excel(EXCEL_FILE_PATH, data)
  File "c:\Users\Puja\Work\Coding\Python\For Poolsifi\Back Test Downloader\excel_utils.py", line 70, in add_data_to_excel
    wb = openpyxl.load_workbook(file_path)
  File "C:\Users\Puja\.virtualenvs\Back_Test_Downloader-nbz1X3yE\lib\site-packages\openpyxl\reader\excel.py", line 344, in load_workbook
    reader = ExcelReader(filename, read_only, keep_vba,
  File "C:\Users\Puja\.virtualenvs\Back_Test_Downloader-nbz1X3yE\lib\site-packages\openpyxl\reader\excel.py", line 123, in __init__
    self.archive = _validate_archive(fn)
  File "C:\Users\Puja\.virtualenvs\Back_Test_Downloader-nbz1X3yE\lib\site-packages\openpyxl\reader\excel.py", line 95, in _validate_archive
    archive = ZipFile(filename, 'r')
  File "C:\Users\Puja\anaconda3\lib\zipfile.py", line 1249, in __init__
    self.fp = io.open(file, filemode)
FileNotFoundError: [Errno 2] No such file or directory: 'C:\\Users\\Puja\\Backtest Reports.xlsx'
browser.py __init__() INFO: Browser initialized 05.14.24 22:09:11
excel_utils.py setup_excel_file() INFO: Verified and updated headers in existing Excel file: D:/Backtest Reports.xlsx 05.14.24 22:09:11
browser.py open_page() INFO: Opened file://D:\Shared folder of HTML Reports\waverunr_netting_h1_ft_2022.htm 05.14.24 22:09:11
backtest_reports_processor.py process_html_file() INFO: Opened D:/Shared folder of HTML Reports\waverunr_netting_h1_ft_2022.htm 05.14.24 22:09:11
backtest_reports_processor.py process_html_file() INFO: Scraping data from file 05.14.24 22:09:12
excel_utils.py add_data_to_excel() INFO: Appended data for D:/Shared folder of HTML Reports\waverunr_netting_h1_ft_2022.htm to Excel file. 05.14.24 22:09:13
browser.py open_page() INFO: Opened file://D:\Shared folder of HTML Reports\waverunr_netting_5M_tt_2022.htm 05.14.24 22:09:13
backtest_reports_processor.py process_html_file() INFO: Opened D:/Shared folder of HTML Reports\waverunr_netting_5M_tt_2022.htm 05.14.24 22:09:13
backtest_reports_processor.py process_html_file() INFO: Scraping data from file 05.14.24 22:09:14
excel_utils.py add_data_to_excel() INFO: Appended data for D:/Shared folder of HTML Reports\waverunr_netting_5M_tt_2022.htm to Excel file. 05.14.24 22:09:14
browser.py open_page() INFO: Opened file://D:\Shared folder of HTML Reports\waverunr_fibret_bo_mtgl_xu_1m_1yr.htm 05.14.24 22:09:18
backtest_reports_processor.py process_html_file() INFO: Opened D:/Shared folder of HTML Reports\waverunr_fibret_bo_mtgl_xu_1m_1yr.htm 05.14.24 22:09:18
backtest_reports_processor.py process_html_file() INFO: Scraping data from file 05.14.24 22:09:19
excel_utils.py add_data_to_excel() INFO: Appended data for D:/Shared folder of HTML Reports\waverunr_fibret_bo_mtgl_xu_1m_1yr.htm to Excel file. 05.14.24 22:09:21
browser.py __init__() INFO: Browser initialized 05.14.24 22:46:11
excel_utils.py setup_excel_file() INFO: Verified and updated headers in existing Excel file: D:/Backtest Reports.xlsx 05.14.24 22:46:11
browser.py open_page() INFO: Opened file://D:\Shared folder of HTML Reports\waverunr_fibret_bo_mtgl_xu_1m_1yr.htm 05.14.24 22:46:15
backtest_reports_processor.py process_html_file() INFO: Scraping data from file 05.14.24 22:46:16
excel_utils.py add_data_to_excel() INFO: Updated data for D:/Shared folder of HTML Reports\waverunr_fibret_bo_mtgl_xu_1m_1yr.htm in Excel file. 05.14.24 22:46:18
browser.py open_page() INFO: Opened file://D:\Shared folder of HTML Reports\waverunr_netting_h1_ft_2022.htm 05.14.24 22:46:18
backtest_reports_processor.py process_html_file() INFO: Scraping data from file 05.14.24 22:46:19
excel_utils.py add_data_to_excel() INFO: Updated data for D:/Shared folder of HTML Reports\waverunr_netting_h1_ft_2022.htm in Excel file. 05.14.24 22:46:20
browser.py open_page() INFO: Opened file://D:\Shared folder of HTML Reports\waverunr_netting_5M_tt_2022.htm 05.14.24 22:46:20
backtest_reports_processor.py process_html_file() INFO: Scraping data from file 05.14.24 22:46:21
excel_utils.py add_data_to_excel() INFO: Updated data for D:/Shared folder of HTML Reports\waverunr_netting_5M_tt_2022.htm in Excel file. 05.14.24 22:46:22
browser.py __init__() INFO: Browser initialized 05.15.24 11:03:29
excel_utils.py setup_excel_file() INFO: Verified and updated headers in existing Excel file: D:\Backtest Reports.xlsx 05.15.24 11:03:30
browser.py open_page() INFO: Opened file://D:\Shared folder of HTML Reports\waverunr_netting_h1_ft_2022.htm 05.15.24 11:03:30
backtest_reports_processor.py process_html_file() INFO: Scraping data from file 05.15.24 11:03:31
excel_utils.py add_data_to_excel() INFO: Appended data for D:\Shared folder of HTML Reports\waverunr_netting_h1_ft_2022.htm to Excel file. 05.15.24 11:03:32
browser.py open_page() INFO: Opened file://D:\Shared folder of HTML Reports\waverunr_fibret_bo_mtgl_xu_1m_1yr.htm 05.15.24 11:03:35
backtest_reports_processor.py process_html_file() INFO: Scraping data from file 05.15.24 11:03:36
excel_utils.py add_data_to_excel() INFO: Appended data for D:\Shared folder of HTML Reports\waverunr_fibret_bo_mtgl_xu_1m_1yr.htm to Excel file. 05.15.24 11:03:38
browser.py open_page() INFO: Opened file://D:\Shared folder of HTML Reports\waverunr_netting_5M_tt_2022.htm 05.15.24 11:03:38
backtest_reports_processor.py process_html_file() INFO: Scraping data from file 05.15.24 11:03:39
excel_utils.py add_data_to_excel() INFO: Appended data for D:\Shared folder of HTML Reports\waverunr_netting_5M_tt_2022.htm to Excel file. 05.15.24 11:03:39
browser.py __init__() INFO: Browser initialized 05.15.24 11:06:04
excel_utils.py setup_excel_file() INFO: Verified and updated headers in existing Excel file: D:\Backtest Reports.xlsx 05.15.24 11:06:04
browser.py open_page() INFO: Opened file://D:\Shared folder of HTML Reports\waverunr_fibret_bo_mtgl_xu_1m_1yr.htm 05.15.24 11:06:07
backtest_reports_processor.py process_html_file() INFO: Scraping data from file 05.15.24 11:06:08
excel_utils.py add_data_to_excel() INFO: Updated data for D:\Shared folder of HTML Reports\waverunr_fibret_bo_mtgl_xu_1m_1yr.htm in Excel file. 05.15.24 11:06:11
browser.py open_page() INFO: Opened file://D:\Shared folder of HTML Reports\waverunr_netting_h1_ft_2022.htm 05.15.24 11:06:11
backtest_reports_processor.py process_html_file() INFO: Scraping data from file 05.15.24 11:06:12
excel_utils.py add_data_to_excel() INFO: Updated data for D:\Shared folder of HTML Reports\waverunr_netting_h1_ft_2022.htm in Excel file. 05.15.24 11:06:13
browser.py open_page() INFO: Opened file://D:\Shared folder of HTML Reports\waverunr_netting_5M_tt_2022.htm 05.15.24 11:06:13
backtest_reports_processor.py process_html_file() INFO: Scraping data from file 05.15.24 11:06:14
excel_utils.py add_data_to_excel() INFO: Updated data for D:\Shared folder of HTML Reports\waverunr_netting_5M_tt_2022.htm in Excel file. 05.15.24 11:06:14
__main__.py <module>() INFO: Scheduling check for new backtest reports... 05.15.24 11:06:14
__main__.py check_for_new_backtest_reports() INFO: New files: set() 05.15.24 11:06:15
__main__.py check_for_new_backtest_reports() INFO: New files: set() 05.15.24 11:06:16
__main__.py check_for_new_backtest_reports() INFO: New files: set() 05.15.24 11:06:17
__main__.py check_for_new_backtest_reports() INFO: New files: set() 05.15.24 11:06:18
__main__.py check_for_new_backtest_reports() INFO: New files: set() 05.15.24 11:06:19
__main__.py check_for_new_backtest_reports() INFO: New files: set() 05.15.24 11:06:20
__main__.py check_for_new_backtest_reports() INFO: New files: set() 05.15.24 11:06:21
__main__.py check_for_new_backtest_reports() INFO: New files: set() 05.15.24 11:06:22
__main__.py check_for_new_backtest_reports() INFO: New files: set() 05.15.24 11:06:23
__main__.py check_for_new_backtest_reports() INFO: New files: set() 05.15.24 11:06:24
__main__.py check_for_new_backtest_reports() INFO: New files: set() 05.15.24 11:06:25
__main__.py check_for_new_backtest_reports() INFO: New files: set() 05.15.24 11:06:26
__main__.py check_for_new_backtest_reports() INFO: New files: set() 05.15.24 11:06:27
__main__.py check_for_new_backtest_reports() INFO: New files: set() 05.15.24 11:06:28
__main__.py check_for_new_backtest_reports() INFO: New files: set() 05.15.24 11:06:29
__main__.py check_for_new_backtest_reports() INFO: New files: set() 05.15.24 11:06:30
__main__.py check_for_new_backtest_reports() INFO: New files: set() 05.15.24 11:06:31
__main__.py check_for_new_backtest_reports() INFO: New files: set() 05.15.24 11:06:32
__main__.py check_for_new_backtest_reports() INFO: New files: set() 05.15.24 11:06:33
__main__.py check_for_new_backtest_reports() INFO: New files: {'D:\\Shared folder of HTML Reports\\waverunr_netting_h1_ft_2022 - Copy.htm'} 05.15.24 11:06:34
browser.py open_page() INFO: Opened file://D:\Shared folder of HTML Reports\waverunr_netting_h1_ft_2022 - Copy.htm 05.15.24 11:06:34
backtest_reports_processor.py process_html_file() INFO: Scraping data from file 05.15.24 11:06:36
excel_utils.py add_data_to_excel() INFO: Appended data for D:\Shared folder of HTML Reports\waverunr_netting_h1_ft_2022 - Copy.htm to Excel file. 05.15.24 11:06:36
__main__.py check_for_new_backtest_reports() INFO: Processed new file: D:\Shared folder of HTML Reports\waverunr_netting_h1_ft_2022 - Copy.htm 05.15.24 11:06:36
__main__.py check_for_new_backtest_reports() INFO: New files: set() 05.15.24 11:06:37
__main__.py check_for_new_backtest_reports() INFO: New files: set() 05.15.24 11:06:38
__main__.py check_for_new_backtest_reports() INFO: New files: set() 05.15.24 11:06:39
__main__.py check_for_new_backtest_reports() INFO: New files: set() 05.15.24 11:06:40
__main__.py check_for_new_backtest_reports() INFO: New files: set() 05.15.24 11:06:41
__main__.py check_for_new_backtest_reports() INFO: New files: set() 05.15.24 11:06:42
__main__.py check_for_new_backtest_reports() INFO: New files: set() 05.15.24 11:06:43
__main__.py check_for_new_backtest_reports() INFO: New files: set() 05.15.24 11:06:44
__main__.py check_for_new_backtest_reports() INFO: New files: set() 05.15.24 11:06:45
__main__.py check_for_new_backtest_reports() INFO: New files: set() 05.15.24 11:06:46
__main__.py check_for_new_backtest_reports() INFO: New files: set() 05.15.24 11:06:47
__main__.py check_for_new_backtest_reports() INFO: New files: set() 05.15.24 11:06:48
__main__.py check_for_new_backtest_reports() INFO: New files: set() 05.15.24 11:06:49
__main__.py check_for_new_backtest_reports() INFO: New files: set() 05.15.24 11:06:50
__main__.py check_for_new_backtest_reports() INFO: New files: set() 05.15.24 11:06:51
__main__.py check_for_new_backtest_reports() INFO: New files: set() 05.15.24 11:06:52
__main__.py check_for_new_backtest_reports() INFO: New files: set() 05.15.24 11:06:53
__main__.py check_for_new_backtest_reports() INFO: New files: set() 05.15.24 11:06:54
__main__.py check_for_new_backtest_reports() INFO: New files: set() 05.15.24 11:06:55
__main__.py check_for_new_backtest_reports() INFO: New files: set() 05.15.24 11:06:56
__main__.py check_for_new_backtest_reports() INFO: New files: set() 05.15.24 11:06:57
__main__.py check_for_new_backtest_reports() INFO: New files: set() 05.15.24 11:06:58
__main__.py check_for_new_backtest_reports() INFO: New files: set() 05.15.24 11:06:59
__main__.py check_for_new_backtest_reports() INFO: New files: set() 05.15.24 11:07:00
__main__.py check_for_new_backtest_reports() INFO: New files: set() 05.15.24 11:07:01
__main__.py check_for_new_backtest_reports() INFO: New files: set() 05.15.24 11:07:02
__main__.py check_for_new_backtest_reports() INFO: New files: set() 05.15.24 11:07:03
__main__.py check_for_new_backtest_reports() INFO: New files: set() 05.15.24 11:07:04
__main__.py check_for_new_backtest_reports() INFO: New files: set() 05.15.24 11:07:05
__main__.py check_for_new_backtest_reports() INFO: New files: set() 05.15.24 11:07:06
browser.py __init__() INFO: Browser initialized 05.15.24 11:07:54
excel_utils.py setup_excel_file() INFO: Verified and updated headers in existing Excel file: D:\Backtest Reports.xlsx 05.15.24 11:07:54
browser.py open_page() INFO: Opened file://D:\Shared folder of HTML Reports\waverunr_netting_5M_tt_2022.htm 05.15.24 11:07:54
backtest_reports_processor.py process_html_file() INFO: Scraping data from file 05.15.24 11:07:55
excel_utils.py add_data_to_excel() INFO: Appended data for D:\Shared folder of HTML Reports\waverunr_netting_5M_tt_2022.htm to Excel file. 05.15.24 11:07:56
browser.py open_page() INFO: Opened file://D:\Shared folder of HTML Reports\waverunr_fibret_bo_mtgl_xu_1m_1yr.htm 05.15.24 11:07:59
backtest_reports_processor.py process_html_file() INFO: Scraping data from file 05.15.24 11:08:00
excel_utils.py add_data_to_excel() INFO: Appended data for D:\Shared folder of HTML Reports\waverunr_fibret_bo_mtgl_xu_1m_1yr.htm to Excel file. 05.15.24 11:08:02
browser.py open_page() INFO: Opened file://D:\Shared folder of HTML Reports\waverunr_netting_h1_ft_2022.htm 05.15.24 11:08:02
backtest_reports_processor.py process_html_file() INFO: Scraping data from file 05.15.24 11:08:03
excel_utils.py add_data_to_excel() INFO: Appended data for D:\Shared folder of HTML Reports\waverunr_netting_h1_ft_2022.htm to Excel file. 05.15.24 11:08:03
__main__.py <module>() INFO: Scheduling check for new backtest reports... 05.15.24 11:08:03
browser.py __init__() INFO: Browser initialized 05.15.24 11:12:03
excel_utils.py setup_excel_file() INFO: Verified and updated headers in existing Excel file: D:\Backtest Reports.xlsx 05.15.24 11:12:03
browser.py open_page() INFO: Opened file://D:\Shared folder of HTML Reports\waverunr_netting_h1_ft_2022.htm 05.15.24 11:12:03
backtest_reports_processor.py process_html_file() INFO: Scraping data from file 05.15.24 11:12:04
excel_utils.py add_data_to_excel() INFO: Updated data for D:\Shared folder of HTML Reports\waverunr_netting_h1_ft_2022.htm in Excel file. 05.15.24 11:12:05
browser.py open_page() INFO: Opened file://D:\Shared folder of HTML Reports\waverunr_fibret_bo_mtgl_xu_1m_1yr.htm 05.15.24 11:12:08
backtest_reports_processor.py process_html_file() INFO: Scraping data from file 05.15.24 11:12:09
excel_utils.py add_data_to_excel() INFO: Updated data for D:\Shared folder of HTML Reports\waverunr_fibret_bo_mtgl_xu_1m_1yr.htm in Excel file. 05.15.24 11:12:11
browser.py open_page() INFO: Opened file://D:\Shared folder of HTML Reports\waverunr_netting_5M_tt_2022.htm 05.15.24 11:12:11
backtest_reports_processor.py process_html_file() INFO: Scraping data from file 05.15.24 11:12:12
excel_utils.py add_data_to_excel() INFO: Updated data for D:\Shared folder of HTML Reports\waverunr_netting_5M_tt_2022.htm in Excel file. 05.15.24 11:12:13
__main__.py <module>() INFO: Scheduling check for new backtest reports... 05.15.24 11:12:13
